<?xml version="1.0" encoding="UTF-8"?>
<!-- Generated by org.testng.reporters.JUnitXMLReporter -->
<testsuite hostname="CTLINDT-0216" name="Default test" tests="3" failures="0" timestamp="22 Jun 2018 07:39:01 GMT" time="2.948" errors="0">
  <testcase name="testPost" time="1.603" classname="com.javacodegeeks.testng.maven.Post_Delete_PutExample"/>
  <testcase name="testPut" time="0.688" classname="com.javacodegeeks.testng.maven.Post_Delete_PutExample"/>
  <testcase name="testDelete" time="0.639" classname="com.javacodegeeks.testng.maven.Post_Delete_PutExample"/>
</testsuite> <!-- Default test -->
