<?xml version="1.0" encoding="UTF-8"?>
<!-- Generated by org.testng.reporters.JUnitXMLReporter -->
<testsuite hostname="CTLINDT-0216" name="TestNgMavenTest" tests="9" failures="0" timestamp="22 Jun 2018 07:34:51 GMT" time="3.966" errors="0">
  <testcase name="checkAuthentication" time="1.643" classname="com.javacodegeeks.testng.maven.Authorizartion"/>
  <testcase name="testFindUsingGroovyClosure" time="0.408" classname="com.javacodegeeks.testng.maven.FindUsingGroovyClosure"/>
  <testcase name="testBody" time="0.784" classname="com.javacodegeeks.testng.maven.GetData"/>
  <testcase name="testResponseCode" time="0.9" classname="com.javacodegeeks.testng.maven.GetData"/>
  <testcase name="GetUser" time="0.059" classname="com.javacodegeeks.testng.maven.getSingleUser"/>
  <testcase name="testGetSingleUser_Json" time="0.077" classname="com.javacodegeeks.testng.maven.getSingleUserGherkin"/>
  <testcase name="testGetSingleUser_XML" time="0.068" classname="com.javacodegeeks.testng.maven.getSingleUserGherkin"/>
  <testcase name="exampleOfTestNgMaven" time="0.0" classname="com.javacodegeeks.testng.maven.TestNgMavenExample"/>
  <testcase name="oneMoreTest" time="0.0" classname="com.javacodegeeks.testng.maven.TestNgMavenSecondClass"/>
</testsuite> <!-- TestNgMavenTest -->
