<?xml version="1.0" encoding="UTF-8"?>
<testng-results skipped="0" failed="0" total="3" passed="3">
  <reporter-output>
  </reporter-output>
  <suite name="Default suite" duration-ms="2948" started-at="2018-06-22T07:38:58Z" finished-at="2018-06-22T07:39:01Z">
    <groups>
    </groups>
    <test name="Default test" duration-ms="2948" started-at="2018-06-22T07:38:58Z" finished-at="2018-06-22T07:39:01Z">
      <class name="com.javacodegeeks.testng.maven.Post_Delete_PutExample">
        <test-method status="PASS" signature="testPost()[pri:0, instance:com.javacodegeeks.testng.maven.Post_Delete_PutExample@548b7f67]" name="testPost" duration-ms="1603" started-at="2018-06-22T13:08:58Z" finished-at="2018-06-22T13:09:00Z">
          <reporter-output>
          </reporter-output>
        </test-method> <!-- testPost -->
        <test-method status="PASS" signature="testPut()[pri:0, instance:com.javacodegeeks.testng.maven.Post_Delete_PutExample@548b7f67]" name="testPut" duration-ms="688" started-at="2018-06-22T13:09:00Z" finished-at="2018-06-22T13:09:00Z">
          <reporter-output>
          </reporter-output>
        </test-method> <!-- testPut -->
        <test-method status="PASS" signature="testDelete()[pri:0, instance:com.javacodegeeks.testng.maven.Post_Delete_PutExample@548b7f67]" name="testDelete" duration-ms="639" started-at="2018-06-22T13:09:00Z" finished-at="2018-06-22T13:09:01Z">
          <reporter-output>
          </reporter-output>
        </test-method> <!-- testDelete -->
      </class> <!-- com.javacodegeeks.testng.maven.Post_Delete_PutExample -->
    </test> <!-- Default test -->
  </suite> <!-- Default suite -->
</testng-results>
